2021-Jun-01 17:59:41 Наличие необходимых модулей php (check_php_modules): Ok
Все необходимые модули установлены
2021-Jun-01 17:59:41 Обязательные параметры PHP (check_php_settings): Ok
Настройки правильные
2021-Jun-01 17:59:41 Модули веб-сервера (check_security): Ok
Конфликтов не выявлено
2021-Jun-01 17:59:41 Значения переменных сервера (check_server_vars): Ok
Корректные
2021-Jun-01 17:59:41 Сохранение сессии (check_session): Ok
50% done
2021-Jun-01 17:59:42 Сохранение сессии (check_session): Ok
Успешно
2021-Jun-01 17:59:42 Параметры настройки UTF (mbstring и константа BX_UTF) (check_mbstring): Ok
Правильные. Сайт работает в UTF кодировке
2021-Jun-01 17:59:42 Служебные скрипты в корне сайта (check_install_scripts): Ok
Отсутствуют
2021-Jun-01 17:59:42 Работа с сокетами (check_socket): Ok
Connection to f0543427.xsph.ru:80	Success

Успешно
2021-Jun-01 17:59:42 Выполнение агентов на cron (check_bx_crontab): Warning
Замечание. Агенты выполняются на хитах, рекомендуется перевести выполнение агентов на cron
2021-Jun-01 17:59:43 Параметры подключения к базе данных (check_dbconn_settings): Ok
Успешно
2021-Jun-01 17:59:43 Лишний вывод в файлах конфигурации (check_dbconn): Ok
Connection to f0543427.xsph.ru:80	Success

Успешно
2021-Jun-01 17:59:43 Сохранение сессии без UserAgent (check_session_ua): Ok
50% done
Connection to f0543427.xsph.ru:80	Success

2021-Jun-01 17:59:43 Сохранение сессии без UserAgent (check_session_ua): Ok
Connection to f0543427.xsph.ru:80	Success

Успешно
2021-Jun-01 17:59:43 Настройки сайтов (check_sites): Ok
Правильные
2021-Jun-01 17:59:43 Передача объектов по ссылке (check_clone): Ok
Успешно
2021-Jun-01 17:59:43 Размер стека и pcre.recursion_limit (check_pcre_recursion): Warning
Connection to f0543427.xsph.ru:80	Success

Замечание. Возможны проблемы в работе с длинными строками из-за системных ограничений
2021-Jun-01 17:59:43 Загрузка файла (check_upload): Ok
Connection to f0543427.xsph.ru:80	Success

Успешно
2021-Jun-01 17:59:44 Загрузка файла больше 4Мб (check_upload_big): Ok
Connection to f0543427.xsph.ru:80	Success

Успешно
2021-Jun-01 17:59:44 Загрузка файла через php://input (check_upload_raw): Ok
Connection to f0543427.xsph.ru:80	Success

Успешно
2021-Jun-01 17:59:44 Передача POST запроса с большим числом параметров (check_post): Ok
Connection to f0543427.xsph.ru:80	Success

Успешно
2021-Jun-01 17:59:44 Отправка почты (check_mail): Ok
Успешно
2021-Jun-01 17:59:45 Отправка почтового сообщения больше 64Кб (check_mail_big): Ok
Успешно
2021-Jun-01 17:59:45 Проверка на наличие неотправленных сообщений (check_mail_b_event): Ok
Успешно
2021-Jun-01 17:59:45 Внутреннее перенаправление (функция LocalRedirect) (check_localredirect): Ok
50% done
Connection to f0543427.xsph.ru:80	Success

2021-Jun-01 17:59:45 Внутреннее перенаправление (функция LocalRedirect) (check_localredirect): Ok
Connection to f0543427.xsph.ru:80	Success

Успешно
2021-Jun-01 17:59:45 Фактическое ограничение памяти (check_memory_limit): Ok
20% done
Connection to f0543427.xsph.ru:80	Success

2021-Jun-01 17:59:45 Фактическое ограничение памяти (check_memory_limit): Ok
40% done
Connection to f0543427.xsph.ru:80	Success

2021-Jun-01 17:59:45 Фактическое ограничение памяти (check_memory_limit): Ok
60% done
Connection to f0543427.xsph.ru:80	Success

2021-Jun-01 17:59:46 Фактическое ограничение памяти (check_memory_limit): Ok
80% done
Connection to f0543427.xsph.ru:80	Success

2021-Jun-01 17:59:46 Фактическое ограничение памяти (check_memory_limit): Ok
Connection to f0543427.xsph.ru:80	Success

Не менее 256 М
2021-Jun-01 17:59:46 Работа с файлами кеша (check_cache): Ok
Успешно
2021-Jun-01 17:59:46 Доступ к серверу обновлений (check_update): Ok
Успешно
2021-Jun-01 17:59:46 HTTP авторизация (check_http_auth): Ok
Connection to f0543427.xsph.ru:80	Success

Успешно
2021-Jun-01 17:59:46 Создание и запуск файла (check_exec): Ok
Connection to f0543427.xsph.ru:80	Success

Успешно
2021-Jun-01 17:59:46 Функция getimagesize для swf (check_getimagesize): Ok
Успешно
2021-Jun-01 17:59:46 Версия MySQL-сервера (check_mysql_bug_version): Ok
Успешно
2021-Jun-01 17:59:48 Время на БД и веб-сервере (check_mysql_time): Ok
Успешно
2021-Jun-01 17:59:48 Режим работы MySQL (check_mysql_mode): Ok
Успешно
2021-Jun-01 17:59:48 Кодировка соединения (check_mysql_connection_charset): Ok
character_set_connection=utf8, collation_connection=utf8_unicode_ci, character_set_results=utf8
Успешно
2021-Jun-01 17:59:48 Кодировка базы данных (check_mysql_db_charset): Ok
CHARSET=utf8, COLLATION=utf8_unicode_ci
Успешно
2021-Jun-01 17:59:48 Кодировки таблиц в БД (check_mysql_table_charset): Ok
Успешно
2021-Jun-01 17:59:49 Структура базы данных (check_mysql_table_structure): Ok
0% done
2021-Jun-01 17:59:50 Структура базы данных (check_mysql_table_structure): Ok
2% done
2021-Jun-01 17:59:50 Структура базы данных (check_mysql_table_structure): Ok
5% done
2021-Jun-01 17:59:50 Структура базы данных (check_mysql_table_structure): Ok
8% done
2021-Jun-01 17:59:51 Структура базы данных (check_mysql_table_structure): Ok
11% done
2021-Jun-01 17:59:52 Структура базы данных (check_mysql_table_structure): Ok
14% done
2021-Jun-01 17:59:52 Структура базы данных (check_mysql_table_structure): Ok
17% done
2021-Jun-01 17:59:54 Структура базы данных (check_mysql_table_structure): Ok
20% done
2021-Jun-01 17:59:54 Структура базы данных (check_mysql_table_structure): Ok
23% done
2021-Jun-01 17:59:55 Структура базы данных (check_mysql_table_structure): Ok
26% done
2021-Jun-01 17:59:55 Структура базы данных (check_mysql_table_structure): Ok
29% done
2021-Jun-01 17:59:56 Структура базы данных (check_mysql_table_structure): Ok
32% done
2021-Jun-01 18:00:06 Структура базы данных (check_mysql_table_structure): Ok
35% done
